      BOX MNMN=(   1,    1,   36,   10), VARIABLE_VAL=
          0.000       0.000       0.000       0.000       0.000       0.000       0.000       0.000       0.000       0.000
          0.000       0.000       0.000       0.000       0.000       0.000       0.000       0.000       0.000       0.000
          0.000       0.000       0.000       0.000       0.000       0.000       0.000       0.000       0.000       0.000
          0.000       0.000       0.000       0.000       0.000       0.000       0.000       0.000       0.000       0.000
          0.000       0.000       0.000       0.000       0.000       0.000       0.000       0.000       0.000       0.000
          0.000       0.000       0.000       0.000       0.000       0.000       0.000       0.000       0.000       0.000
          0.000       0.000       0.000       0.000       0.000       0.000       0.000       0.000       0.000       0.000
          0.000       0.000       0.000       0.000       0.000       0.000       0.000       0.000       0.000       0.000
          0.000       0.000       0.000       0.000       0.000       0.000       0.000       0.000       0.000       0.000
          0.000       0.000       0.000       0.000       0.000       0.000       0.000       0.000       0.000       0.000
          0.000       0.000       0.000       0.000       0.000       0.000       0.000       0.000       0.000       0.000
          0.000       0.000       0.000       0.000       0.000       0.000       0.000       0.019       0.051       0.102
         -0.337      -0.276      -0.198      -0.146      -0.129      -0.139      -0.105      -0.068      -0.028       0.037
         -0.251      -0.207      -0.190      -0.175      -0.152      -0.154      -0.134      -0.104      -0.069      -0.019
         -0.226      -0.228      -0.213      -0.197      -0.189      -0.174      -0.155      -0.129      -0.098      -0.049
         -0.206      -0.208      -0.195      -0.189      -0.188      -0.174      -0.159      -0.143      -0.121      -0.074
         -0.177      -0.181      -0.188      -0.183      -0.185      -0.181      -0.170      -0.157      -0.141      -0.107
         -0.181      -0.177      -0.176      -0.169      -0.173      -0.173      -0.165      -0.157      -0.152      -0.130
         -0.209      -0.205      -0.194      -0.188      -0.194      -0.198      -0.193      -0.188      -0.190      -0.169
         -0.226      -0.221      -0.215      -0.216      -0.222      -0.235      -0.220      -0.213      -0.204      -0.198
         -0.170      -0.184      -0.187      -0.183      -0.204      -0.204      -0.160      -0.137      -0.138      -0.186
          0.181       0.154       0.092       0.055       0.040       0.072       0.122       0.112       0.070      -0.058
          0.560       0.532       0.535       0.482       0.529       0.559       0.443       0.313       0.343       0.101
          0.000       0.550       0.285       0.541       0.409       0.448       0.220       0.096       0.191       0.196
          0.000       0.000       0.000       0.014       0.000       0.000       0.000       0.000       0.000       0.000
          0.000       0.000       0.000       0.000       0.000       0.000       0.000       0.000       0.000       0.000
          0.000       0.000       0.000       0.000       0.000       0.000       0.000       0.000       0.000       0.000
          0.000       0.000       0.000       0.000       0.000       0.000       0.000       0.000       0.000       0.000
          0.000       0.000       0.000       0.000       0.000       0.000       0.000       0.000       0.000       0.000
          0.000       0.000       0.000       0.000       0.000       0.000       0.000       0.000       0.000       0.000
          0.000       0.000       0.000       0.000       0.000       0.000       0.000       0.000       0.000       0.000
          0.000       0.000       0.000       0.000       0.000       0.000       0.000       0.000       0.000       0.000
          0.000       0.000       0.000       0.000       0.000       0.000       0.000       0.000       0.000       0.000
          0.000       0.000       0.000       0.000       0.000       0.000       0.000       0.000       0.000       0.000
          0.000       0.000       0.000       0.000       0.000       0.000       0.000       0.000       0.000       0.000
          0.000       0.000       0.000       0.000       0.000       0.000       0.000       0.000       0.000       0.000
      BOX MNMN=(   1,   11,   36,   20), VARIABLE_VAL=
          0.000       0.000       0.000       0.000       0.000       0.000       0.000       0.000       0.000       0.000
          0.000       0.000       0.000       0.000       0.000       0.000       0.000       0.000       0.000       0.000
          0.000       0.000       0.000       0.000       0.000       0.000       0.000       0.000       0.000       0.000
          0.000       0.000       0.000       0.000       0.000       0.000       0.000       0.000       0.000       0.000
          0.000       0.000       0.000       0.000       0.000       0.000       0.000       0.000       0.000       0.000
          0.000       0.000       0.000       0.000       0.000       0.000       0.000       0.000       0.000       0.000
          0.000       0.000       0.000       0.000       0.000       0.000       0.000       0.000       0.000       0.000
          0.000       0.000       0.000       0.000       0.000       0.000       0.000       0.000       0.000       0.000
          0.000       0.000       0.000       0.000       0.000       0.000       0.000       0.000       0.000       0.000
          0.000       0.000       0.000       0.000       0.000       0.000       0.000       0.000       0.000       0.000
          0.000       0.000       0.000       0.000       0.000       0.000       0.000       0.000       0.000       0.000
          0.192       0.000       0.000       0.000       0.000       0.000       0.000       0.000       0.000       0.000
          0.169       0.341       0.596       0.756       0.838       0.690       0.576       0.615       0.601       0.477
          0.088       0.266       0.541       0.693       0.767       0.722       0.718       0.654       0.615       0.637
          0.034       0.178       0.289       0.389       0.472       0.525       0.534       0.545       0.557       0.563
          0.014       0.146       0.270       0.331       0.397       0.476       0.505       0.509       0.498       0.492
         -0.010       0.131       0.251       0.311       0.352       0.432       0.449       0.459       0.461       0.460
         -0.030       0.121       0.239       0.316       0.358       0.403       0.434       0.424       0.433       0.441
         -0.057       0.113       0.241       0.335       0.378       0.406       0.417       0.421       0.412       0.431
         -0.084       0.118       0.269       0.367       0.402       0.420       0.423       0.428       0.418       0.430
         -0.070       0.175       0.338       0.431       0.445       0.440       0.458       0.465       0.457       0.452
          0.039       0.318       0.423       0.513       0.520       0.514       0.518       0.554       0.534       0.527
          0.430       0.748       0.984       0.896       0.736       0.827       0.706       0.841       0.729       0.794
          1.673       0.000       1.500       0.131       0.321       0.484       0.559       0.681       0.632       0.667
          0.000       0.000       0.000       0.000       0.000       0.000       0.000       0.000       0.000       0.000
          0.000       0.000       0.000       0.000       0.000       0.000       0.000       0.000       0.000       0.000
          0.000       0.000       0.000       0.000       0.000       0.000       0.000       0.000       0.000       0.000
          0.000       0.000       0.000       0.000       0.000       0.000       0.000       0.000       0.000       0.000
          0.000       0.000       0.000       0.000       0.000       0.000       0.000       0.000       0.000       0.000
          0.000       0.000       0.000       0.000       0.000       0.000       0.000       0.000       0.000       0.000
          0.000       0.000       0.000       0.000       0.000       0.000       0.000       0.000       0.000       0.000
          0.000       0.000       0.000       0.000       0.000       0.000       0.000       0.000       0.000       0.000
          0.000       0.000       0.000       0.000       0.000       0.000       0.000       0.000       0.000       0.000
          0.000       0.000       0.000       0.000       0.000       0.000       0.000       0.000       0.000       0.000
          0.000       0.000       0.000       0.000       0.000       0.000       0.000       0.000       0.000       0.000
          0.000       0.000       0.000       0.000       0.000       0.000       0.000       0.000       0.000       0.000
      BOX MNMN=(   1,   21,   36,   30), VARIABLE_VAL=
          0.000       0.000       0.000       0.000       0.000       0.000       0.000       0.000       0.000       0.000
          0.000       0.000       0.000       0.000       0.000       0.000       0.000       0.000       0.000       0.000
          0.000       0.000       0.000       0.000       0.000       0.000       0.000       0.000       0.000       0.000
          0.000       0.000       0.000       0.000       0.000       0.000       0.000       0.000       0.000       0.000
          0.000       0.000       0.000       0.000       0.000       0.000       0.000       0.000       0.000       0.000
          0.000       0.000       0.000       0.000       0.000       0.000       0.000       0.000       0.000       0.000
          0.000       0.000       0.000       0.000       0.000       0.000       0.000       0.000       0.000       0.000
          0.000       0.000       0.000       0.000       0.000       0.000       0.000       0.000       0.000       0.000
          0.000       0.000       0.000       0.000       0.000       0.000       0.000       0.000       0.000       0.000
          0.000       0.000       0.000       0.000       0.000       0.000       0.000       0.000       0.000       0.000
          0.000       0.000       0.000       0.000       0.000       0.000       0.000       0.000       0.000       0.000
          0.000       0.000       0.000       0.000       0.000       0.230       0.000       0.000       0.000       0.000
          0.378       0.417       0.414       0.425       0.417       0.396       0.434       0.356       0.401       0.349
          0.528       0.532       0.522       0.523       0.703       0.504       0.491       0.478       0.464       0.513
          0.540       0.512       0.504       0.503       0.532       0.514       0.508       0.500       0.493       0.499
          0.498       0.505       0.489       0.478       0.489       0.489       0.487       0.492       0.466       0.488
          0.458       0.469       0.484       0.458       0.463       0.478       0.456       0.491       0.452       0.487
          0.445       0.447       0.474       0.452       0.469       0.463       0.448       0.471       0.452       0.476
          0.435       0.436       0.448       0.448       0.461       0.451       0.454       0.455       0.469       0.478
          0.439       0.440       0.451       0.466       0.470       0.470       0.450       0.473       0.484       0.504
          0.458       0.467       0.498       0.507       0.512       0.507       0.506       0.504       0.508       0.544
          0.546       0.584       0.615       0.637       0.659       0.624       0.604       0.617       0.610       0.660
          0.809       0.783       0.845       0.750       0.843       0.763       0.814       0.749       0.801       0.888
          0.605       0.657       0.487       0.651       0.585       0.694       0.754       0.756       0.738       0.833
          0.000       0.000       0.000       0.000       0.000       0.000       0.000       0.000       0.000       0.000
          0.000       0.000       0.000       0.000       0.000       0.000       0.000       0.000       0.000       0.000
          0.000       0.000       0.000       0.000       0.000       0.000       0.000       0.000       0.000       0.000
          0.000       0.000       0.000       0.000       0.000       0.000       0.000       0.000       0.000       0.000
          0.000       0.000       0.000       0.000       0.000       0.000       0.000       0.000       0.000       0.000
          0.000       0.000       0.000       0.000       0.000       0.000       0.000       0.000       0.000       0.000
          0.000       0.000       0.000       0.000       0.000       0.000       0.000       0.000       0.000       0.000
          0.000       0.000       0.000       0.000       0.000       0.000       0.000       0.000       0.000       0.000
          0.000       0.000       0.000       0.000       0.000       0.000       0.000       0.000       0.000       0.000
          0.000       0.000       0.000       0.000       0.000       0.000       0.000       0.000       0.000       0.000
          0.000       0.000       0.000       0.000       0.000       0.000       0.000       0.000       0.000       0.000
          0.000       0.000       0.000       0.000       0.000       0.000       0.000       0.000       0.000       0.000
      BOX MNMN=(   1,   31,   36,   40), VARIABLE_VAL=
          0.000       0.000       0.000       0.000       0.000       0.000       0.000       0.000       0.000       0.000
          0.000       0.000       0.000       0.000       0.000       0.000       0.000       0.000       0.000       0.000
          0.000       0.000       0.000       0.000       0.000       0.000       0.000       0.000       0.000       0.000
          0.000       0.000       0.000       0.000       0.000       0.000       0.000       0.000       0.000       0.000
          0.000       0.000       0.000       0.000       0.000       0.000       0.000       0.000       0.000       0.000
          0.000       0.000       0.000       0.000       0.000       0.000       0.000       0.000       0.000       0.000
          0.000       0.000       0.000       0.000       0.000       0.000       0.000       0.000       0.000       0.000
          0.000       0.000       0.000       0.000       0.000       0.000       0.000       0.000       0.000       0.000
          0.000       0.000       0.000       0.000       0.000       0.000       0.000       0.000       0.000       0.000
          0.000       0.000       0.000       0.000       0.000       0.000       0.000       0.000       0.000       0.000
          0.000       0.000       0.000       0.000       0.000       0.000       0.000       0.000       0.000       0.000
          0.000       0.000       0.339       0.430       0.000       0.000       0.000       0.000       0.000       0.000
          0.449       0.482       0.574       0.582       0.515       0.591       0.706       0.839       0.802       0.923
          0.481       0.506       0.559       0.559       0.702       0.671       0.717       0.707       0.707       0.723
          0.490       0.497       0.513       0.519       0.557       0.585       0.596       0.554       0.557       0.571
          0.483       0.499       0.492       0.485       0.513       0.541       0.570       0.527       0.533       0.547
          0.479       0.503       0.491       0.486       0.497       0.539       0.566       0.525       0.532       0.547
          0.486       0.511       0.506       0.507       0.519       0.546       0.569       0.525       0.533       0.535
          0.502       0.520       0.528       0.538       0.541       0.546       0.549       0.526       0.539       0.546
          0.511       0.541       0.553       0.559       0.570       0.564       0.538       0.560       0.572       0.566
          0.538       0.587       0.590       0.581       0.598       0.577       0.556       0.544       0.497       0.468
          0.679       0.682       0.661       0.623       0.601       0.543       0.496       0.442       0.377       0.355
          0.749       0.664       0.688       0.566       0.581       0.392       0.404       0.274       0.235       0.237
          0.568       0.340       0.367       0.220       0.219       0.156       0.150       0.108       0.109       0.116
          0.309       0.000       0.000       0.000       0.000       0.000       0.000       0.000       0.000       0.000
          0.000       0.000       0.000       0.000       0.000       0.000       0.000       0.000       0.000       0.000
          0.000       0.000       0.000       0.000       0.000       0.000       0.000       0.000       0.000       0.000
          0.000       0.000       0.000       0.000       0.000       0.000       0.000       0.000       0.000       0.000
          0.000       0.000       0.000       0.000       0.000       0.000       0.000       0.000       0.000       0.000
          0.000       0.000       0.000       0.000       0.000       0.000       0.000       0.000       0.000       0.000
          0.000       0.000       0.000       0.000       0.000       0.000       0.000       0.000       0.000       0.000
          0.000       0.000       0.000       0.000       0.000       0.000       0.000       0.000       0.000       0.000
          0.000       0.000       0.000       0.000       0.000       0.000       0.000       0.000       0.000       0.000
          0.000       0.000       0.000       0.000       0.000       0.000       0.000       0.000       0.000       0.000
          0.000       0.000       0.000       0.000       0.000       0.000       0.000       0.000       0.000       0.000
          0.000       0.000       0.000       0.000       0.000       0.000       0.000       0.000       0.000       0.000
      BOX MNMN=(   1,   41,   36,   50), VARIABLE_VAL=
          0.000       0.000       0.000       0.000       0.000       0.000       0.000       0.000       0.000       0.000
          0.000       0.000       0.000       0.000       0.000       0.000       0.000       0.000       0.000       0.000
          0.000       0.000       0.000       0.000       0.000       0.000       0.000       0.000       0.000       0.000
          0.000       0.000       0.000       0.000       0.000       0.000       0.000       0.000       0.000       0.000
          0.000       0.000       0.000       0.000       0.000       0.000       0.000       0.000       0.000       0.000
          0.000       0.000       0.000       0.000       0.000       0.000       0.000       0.000       0.000       0.000
          0.000       0.000       0.000       0.000       0.000       0.000       0.000       0.000       0.000       0.000
          0.000       0.000       0.000       0.000       0.000       0.000       0.000       0.000       0.000       0.000
          0.000       0.000       0.000       0.000       0.000       0.000       0.000       0.000       0.000       0.000
          0.000       0.000       0.000       0.000       0.000       0.000       0.000       0.000       0.000       0.000
          0.000       0.000       0.000       0.000       0.000       0.000       0.000       0.000       0.000       0.000
          0.000       0.000       0.775       0.000       0.000       0.000       0.000       0.000       0.000       0.000
          0.882       0.869       0.873       0.864       0.875       0.822       0.751       0.866       0.877       0.931
          0.722       0.741       0.757       0.774       0.821       0.853       0.904       0.902       0.882       0.911
          0.570       0.586       0.588       0.604       0.642       0.661       0.699       0.666       0.663       0.676
          0.555       0.563       0.558       0.581       0.588       0.591       0.623       0.585       0.590       0.602
          0.556       0.561       0.556       0.575       0.576       0.575       0.602       0.566       0.578       0.582
          0.549       0.559       0.553       0.555       0.555       0.561       0.564       0.554       0.557       0.569
          0.560       0.564       0.554       0.552       0.553       0.559       0.563       0.551       0.553       0.557
          0.560       0.540       0.514       0.512       0.519       0.525       0.540       0.511       0.493       0.529
          0.454       0.409       0.392       0.368       0.392       0.389       0.390       0.366       0.381       0.391
          0.315       0.302       0.290       0.283       0.308       0.303       0.282       0.278       0.300       0.262
          0.202       0.215       0.209       0.209       0.222       0.179       0.188       0.201       0.153       0.136
          0.142       0.188       0.149       0.182       0.070       0.107       0.148       0.140       0.000       0.000
          0.000       0.000       0.000       0.000       0.000       0.000       0.000       0.000       0.000       0.000
          0.000       0.000       0.000       0.000       0.000       0.000       0.000       0.000       0.000       0.000
          0.000       0.000       0.000       0.000       0.000       0.000       0.000       0.000       0.000       0.000
          0.000       0.000       0.000       0.000       0.000       0.000       0.000       0.000       0.000       0.000
          0.000       0.000       0.000       0.000       0.000       0.000       0.000       0.000       0.000       0.000
          0.000       0.000       0.000       0.000       0.000       0.000       0.000       0.000       0.000       0.000
          0.000       0.000       0.000       0.000       0.000       0.000       0.000       0.000       0.000       0.000
          0.000       0.000       0.000       0.000       0.000       0.000       0.000       0.000       0.000       0.000
          0.000       0.000       0.000       0.000       0.000       0.000       0.000       0.000       0.000       0.000
          0.000       0.000       0.000       0.000       0.000       0.000       0.000       0.000       0.000       0.000
          0.000       0.000       0.000       0.000       0.000       0.000       0.000       0.000       0.000       0.000
          0.000       0.000       0.000       0.000       0.000       0.000       0.000       0.000       0.000       0.000
      BOX MNMN=(   1,   51,   36,   60), VARIABLE_VAL=
          0.000       0.000       0.000       0.000       0.000       0.000       0.000       0.000       0.000       0.000
          0.000       0.000       0.000       0.000       0.000       0.000       0.000       0.000       0.000       0.000
          0.000       0.000       0.000       0.000       0.000       0.000       0.000       0.000       0.000       0.000
          0.000       0.000       0.000       0.000       0.000       0.000       0.000       0.000       0.000       0.000
          0.000       0.000       0.000       0.000       0.000       0.000       0.000       0.000       0.000       0.000
          0.000       0.000       0.000       0.000       0.000       0.000       0.000       0.000       0.000       0.000
          0.000       0.000       0.000       0.000       0.000       0.000       0.000       0.000       0.000       0.000
          0.000       0.000       0.000       0.000       0.000       0.000       0.000       0.000       0.000       0.000
          0.000       0.000       0.000       0.000       0.000       0.000       0.000       0.000       0.000       0.000
          0.000       0.000       0.000       0.000       0.000       0.000       0.000       0.000       0.000       0.000
          0.000       0.000       0.000       0.000       0.000       0.000       0.000       0.000       0.000       0.000
          0.591       0.493       0.612       0.000       0.000       0.000       0.000       0.000       0.000       0.000
          0.970       0.609       0.921       0.939       0.799       0.727       0.688       0.797       0.698       0.760
          0.921       0.950       0.955       0.990       1.045       1.026       1.017       1.002       0.881       0.967
          0.676       0.702       0.713       0.745       0.796       0.815       0.828       0.831       0.817       0.803
          0.600       0.619       0.617       0.630       0.655       0.661       0.667       0.677       0.667       0.656
          0.579       0.593       0.589       0.596       0.607       0.605       0.599       0.610       0.601       0.591
          0.554       0.575       0.577       0.580       0.570       0.587       0.576       0.580       0.569       0.557
          0.560       0.579       0.588       0.589       0.577       0.566       0.555       0.548       0.543       0.537
          0.549       0.569       0.570       0.606       0.590       0.560       0.563       0.562       0.562       0.557
          0.368       0.375       0.400       0.412       0.433       0.455       0.467       0.483       0.482       0.465
          0.246       0.256       0.281       0.294       0.303       0.331       0.371       0.387       0.383       0.395
          0.151       0.144       0.174       0.219       0.286       0.309       0.340       0.362       0.345       0.354
          0.000      -0.018       0.007       0.086       0.144       0.178       0.225       0.202       0.219       0.226
          0.000       0.000       0.000       0.000       0.000       0.000       0.134       0.000       0.000       0.161
          0.000       0.000       0.000       0.000       0.000       0.000       0.000       0.000       0.000       0.000
          0.000       0.000       0.000       0.000       0.000       0.000       0.000       0.000       0.000       0.000
          0.000       0.000       0.000       0.000       0.000       0.000       0.000       0.000       0.000       0.000
          0.000       0.000       0.000       0.000       0.000       0.000       0.000       0.000       0.000       0.000
          0.000       0.000       0.000       0.000       0.000       0.000       0.000       0.000       0.000       0.000
          0.000       0.000       0.000       0.000       0.000       0.000       0.000       0.000       0.000       0.000
          0.000       0.000       0.000       0.000       0.000       0.000       0.000       0.000       0.000       0.000
          0.000       0.000       0.000       0.000       0.000       0.000       0.000       0.000       0.000       0.000
          0.000       0.000       0.000       0.000       0.000       0.000       0.000       0.000       0.000       0.000
          0.000       0.000       0.000       0.000       0.000       0.000       0.000       0.000       0.000       0.000
          0.000       0.000       0.000       0.000       0.000       0.000       0.000       0.000       0.000       0.000
      BOX MNMN=(   1,   61,   36,   70), VARIABLE_VAL=
          0.000       0.000       0.000       0.000       0.000       0.000       0.000       0.000       0.000       0.000
          0.000       0.000       0.000       0.000       0.000       0.000       0.000       0.000       0.000       0.000
          0.000       0.000       0.000       0.000       0.000       0.000       0.000       0.000       0.000       0.000
          0.000       0.000       0.000       0.000       0.000       0.000       0.000       0.000       0.000       0.000
          0.000       0.000       0.000       0.000       0.000       0.000       0.000       0.000       0.000       0.000
          0.000       0.000       0.000       0.000       0.000       0.000       0.000       0.000       0.000       0.000
          0.000       0.000       0.000       0.000       0.000       0.000       0.000       0.000       0.000       0.000
          0.000       0.000       0.000       0.000       0.000       0.000       0.000       0.000       0.000       0.000
          0.000       0.000       0.000       0.000       0.000       0.000       0.000       0.000       0.000       0.000
          0.000       0.000       0.000       0.000       0.000       0.000       0.000       0.000       0.000       0.000
          0.000       0.000       0.000       0.000       0.000       0.000       0.000       0.000       0.000       0.000
          0.000       0.000       0.000       0.000       0.000       0.000       0.000       0.000       0.000       0.000
          0.762       0.814       1.012       0.890       0.910       0.813       0.871       0.691       0.712       0.588
          0.949       1.025       0.984       0.955       0.956       0.911       0.864       0.818       0.756       0.681
          0.807       0.801       0.778       0.754       0.764       0.734       0.710       0.669       0.628       0.562
          0.657       0.655       0.643       0.633       0.650       0.628       0.624       0.592       0.572       0.517
          0.592       0.591       0.585       0.578       0.595       0.578       0.581       0.560       0.555       0.509
          0.559       0.556       0.554       0.549       0.515       0.528       0.525       0.535       0.535       0.518
          0.531       0.519       0.516       0.519       0.525       0.523       0.518       0.515       0.529       0.510
          0.551       0.537       0.531       0.552       0.538       0.534       0.506       0.508       0.541       0.546
          0.464       0.464       0.455       0.453       0.449       0.474       0.467       0.473       0.498       0.577
          0.388       0.412       0.370       0.382       0.388       0.397       0.417       0.444       0.480       0.698
          0.361       0.334       0.320       0.380       0.330       0.359       0.422       0.416       0.525       0.896
          0.195       0.216       0.248       0.246       0.237       0.293       0.300       0.398       0.414       0.643
          0.170       0.208       0.209       0.000       0.250       0.000       0.000       0.345       0.000       0.000
          0.000       0.000       0.000       0.000       0.000       0.000       0.000       0.000       0.000       0.000
          0.000       0.000       0.000       0.000       0.000       0.000       0.000       0.000       0.000       0.000
          0.000       0.000       0.000       0.000       0.000       0.000       0.000       0.000       0.000       0.000
          0.000       0.000       0.000       0.000       0.000       0.000       0.000       0.000       0.000       0.000
          0.000       0.000       0.000       0.000       0.000       0.000       0.000       0.000       0.000       0.000
          0.000       0.000       0.000       0.000       0.000       0.000       0.000       0.000       0.000       0.000
          0.000       0.000       0.000       0.000       0.000       0.000       0.000       0.000       0.000       0.000
          0.000       0.000       0.000       0.000       0.000       0.000       0.000       0.000       0.000       0.000
          0.000       0.000       0.000       0.000       0.000       0.000       0.000       0.000       0.000       0.000
          0.000       0.000       0.000       0.000       0.000       0.000       0.000       0.000       0.000       0.000
          0.000       0.000       0.000       0.000       0.000       0.000       0.000       0.000       0.000       0.000
      BOX MNMN=(   1,   71,   36,   80), VARIABLE_VAL=
          0.000       0.000       0.000       0.000       0.000       0.000       0.000       0.000       0.000       0.000
          0.000       0.000       0.000       0.000       0.000       0.000       0.000       0.000       0.000       0.000
          0.000       0.000       0.000       0.000       0.000       0.000       0.000       0.000       0.000       0.000
          0.000       0.000       0.000       0.000       0.000       0.000       0.000       0.000       0.000       0.000
          0.000       0.000       0.000       0.000       0.000       0.000       0.000       0.000       0.000       0.000
          0.000       0.000       0.000       0.000       0.000       0.000       0.000       0.000       0.000       0.000
          0.000       0.000       0.000       0.000       0.000       0.000       0.000       0.000       0.000       0.000
          0.000       0.000       0.000       0.000       0.000       0.000       0.000       0.000       0.000       0.000
          0.000       0.000       0.000       0.000       0.000       0.000       0.000       0.000       0.000       0.000
          0.000       0.000       0.000       0.000       0.000       0.000       0.000       0.000       0.000       0.000
          0.000       0.000       0.000       0.000      -0.380       0.000       0.000       0.000       0.000       0.000
          0.000      -0.301      -0.382      -0.380      -0.299      -0.248       0.000       0.000       0.000       0.000
          0.418       0.290       0.165       0.073       0.073       0.006      -0.031      -0.046      -0.241      -0.331
          0.541       0.449       0.298       0.224       0.161       0.147       0.120       0.070       0.031      -0.009
          0.432       0.345       0.223       0.157       0.103       0.067       0.045       0.034       0.036       0.030
          0.386       0.271       0.186       0.120       0.073       0.034       0.003      -0.010      -0.009      -0.002
          0.368       0.231       0.145       0.086       0.047       0.013      -0.013      -0.027      -0.028      -0.021
          0.354       0.172       0.091       0.050       0.021      -0.005      -0.026      -0.036      -0.035      -0.029
          0.299       0.103       0.042       0.018       0.006      -0.010      -0.024      -0.032      -0.031      -0.027
          0.315       0.088       0.051       0.045       0.044       0.031       0.017       0.008       0.002      -0.001
          0.329       0.096       0.107       0.120       0.118       0.104       0.082       0.066       0.054       0.041
          0.372       0.085       0.155       0.166       0.157       0.139       0.111       0.099       0.084       0.077
          0.461      -0.227       0.002       0.066       0.104       0.095       0.106       0.108       0.131       0.146
         -0.076      -0.643      -0.317      -0.076      -0.006      -0.008       0.009       0.061       0.085       0.112
          0.000       0.000       0.019       0.000       0.000       0.000       0.000      -0.030       0.000       0.000
          0.000       0.000       0.000       0.000       0.000       0.000       0.000       0.000       0.000       0.000
          0.000       0.000       0.000       0.000       0.000       0.000       0.000       0.000       0.000       0.000
          0.000       0.000       0.000       0.000       0.000       0.000       0.000       0.000       0.000       0.000
          0.000       0.000       0.000       0.000       0.000       0.000       0.000       0.000       0.000       0.000
          0.000       0.000       0.000       0.000       0.000       0.000       0.000       0.000       0.000       0.000
          0.000       0.000       0.000       0.000       0.000       0.000       0.000       0.000       0.000       0.000
          0.000       0.000       0.000       0.000       0.000       0.000       0.000       0.000       0.000       0.000
          0.000       0.000       0.000       0.000       0.000       0.000       0.000       0.000       0.000       0.000
          0.000       0.000       0.000       0.000       0.000       0.000       0.000       0.000       0.000       0.000
          0.000       0.000       0.000       0.000       0.000       0.000       0.000       0.000       0.000       0.000
          0.000       0.000       0.000       0.000       0.000       0.000       0.000       0.000       0.000       0.000
      BOX MNMN=(   1,   81,   36,   86), VARIABLE_VAL=
          0.000       0.000       0.000       0.000       0.000       0.000
          0.000       0.000       0.000       0.000       0.000       0.000
          0.000       0.000       0.000       0.000       0.000       0.000
          0.000       0.000       0.000       0.000       0.000       0.000
          0.000       0.000       0.000       0.000       0.000       0.000
          0.000       0.000       0.000       0.000       0.000       0.000
          0.000       0.000       0.000       0.000       0.000       0.000
          0.000       0.000       0.000       0.000       0.000       0.000
          0.000       0.000       0.000       0.000       0.000       0.000
          0.000       0.000       0.000       0.000       0.000       0.000
          0.000       0.000       0.000       0.000       0.000       0.000
          0.000       0.000       0.000       0.000       0.000      -0.062
         -0.273      -0.250      -0.170      -0.164      -0.141      -0.120
         -0.053      -0.094      -0.095      -0.093      -0.099      -0.089
          0.015      -0.003      -0.020      -0.036      -0.049      -0.056
          0.001       0.002      -0.003      -0.011      -0.017      -0.025
         -0.015      -0.008      -0.005      -0.004      -0.005      -0.009
         -0.022      -0.014      -0.008      -0.004       0.000       0.001
         -0.023      -0.018      -0.012      -0.007      -0.003      -0.002
         -0.006      -0.009      -0.010      -0.009      -0.009      -0.010
          0.030       0.020       0.014       0.006       0.001       0.000
          0.070       0.066       0.058       0.055       0.052       0.051
          0.151       0.168       0.159       0.190       0.192       0.187
          0.125       0.144       0.141       0.162       0.128       0.146
          0.056       0.056       0.067       0.052       0.000       0.032
          0.000       0.000       0.000       0.000       0.000       0.000
          0.000       0.000       0.000       0.000       0.000       0.000
          0.000       0.000       0.000       0.000       0.000       0.000
          0.000       0.000       0.000       0.000       0.000       0.000
          0.000       0.000       0.000       0.000       0.000       0.000
          0.000       0.000       0.000       0.000       0.000       0.000
          0.000       0.000       0.000       0.000       0.000       0.000
          0.000       0.000       0.000       0.000       0.000       0.000
          0.000       0.000       0.000       0.000       0.000       0.000
          0.000       0.000       0.000       0.000       0.000       0.000
          0.000       0.000       0.000       0.000       0.000       0.000
